Arguments: 
  /home/taqtile/.nvm/versions/node/v18.12.1/bin/node /home/taqtile/.nvm/versions/node/v18.12.1/bin/yarn watch

PATH: 
  /home/taqtile/.nvm/versions/node/v18.12.1/bin:/usr/local/sbin:/usr/local/bin:/usr/sbin:/usr/bin:/sbin:/bin:/usr/games:/usr/local/games:/snap/bin:/snap/bin

Yarn version: 
  1.22.19

Node version: 
  18.12.1

Platform: 
  linux x64

Trace: 
  SyntaxError: /home/taqtile/Documents/onboard-vinicius-oliveira/package.json: Unexpected token / in JSON at position 145
      at JSON.parse (<anonymous>)
      at /home/taqtile/.nvm/versions/node/v18.12.1/lib/node_modules/yarn/lib/cli.js:1629:59
      at Generator.next (<anonymous>)
      at step (/home/taqtile/.nvm/versions/node/v18.12.1/lib/node_modules/yarn/lib/cli.js:310:30)
      at /home/taqtile/.nvm/versions/node/v18.12.1/lib/node_modules/yarn/lib/cli.js:321:13

npm manifest: 
  {
    "name": "onboard-vinicius-oliveira",
    "version": "1.0.0",
    "description": "## Project Name 📇 *",
    "main": "index.js",
    "scripts": {
      //tsc is the typescript compiler, and -w is the watch flag
      "watch": "tsc-w"
    },
    "repository": {
      "type": "git",
      "url": "git+https://github.com/indigotech/onboard-vinicius-oliveira.git"
    },
    "keywords": [],
    "author": "",
    "license": "ISC",
    "bugs": {
      "url": "https://github.com/indigotech/onboard-vinicius-oliveira/issues"
    },
    "homepage": "https://github.com/indigotech/onboard-vinicius-oliveira#readme",
    "devDependencies": {
      "@types/node": "^18.11.18",
      "typescript": "^4.9.4"
    }
  }

yarn manifest: 
  No manifest

Lockfile: 
  No lockfile
